2022-06-07 09:14:23,010 DEBUG pickle loaded: C:\Users\bvams\anaconda3\lib\site-packages\jedi\third_party\typeshed\stdlib\2and3\builtins.pyi
2022-06-07 09:14:25,790 DEBUG pickle loaded: C:\Users\bvams\anaconda3\lib\site-packages\jedi\third_party\typeshed\stdlib\3\sys.pyi
2022-06-07 09:14:26,717 DEBUG diff parser start
2022-06-07 09:14:26,718 DEBUG line_lengths old: 3; new: 4
2022-06-07 09:14:26,718 DEBUG -> code[equal] old[1:2] new[1:2]
2022-06-07 09:14:26,886 DEBUG parse_part from 1 to 4 (to 3 in part parser)
2022-06-07 09:14:26,887 DEBUG -> code[replace] old[3:3] new[3:4]
2022-06-07 09:14:26,888 DEBUG diff parser end
2022-06-07 09:14:47,326 DEBUG diff parser start
2022-06-07 09:14:47,326 DEBUG line_lengths old: 4; new: 5
2022-06-07 09:14:47,413 DEBUG -> code[equal] old[1:3] new[1:3]
2022-06-07 09:14:47,413 DEBUG copy old[1:3] new[1:3]
2022-06-07 09:14:47,413 DEBUG -> code[replace] old[4:4] new[4:5]
2022-06-07 09:14:47,413 DEBUG parse_part from 4 to 5 (to 4 in part parser)
2022-06-07 09:14:47,414 DEBUG diff parser end
2022-06-07 09:46:43,613 DEBUG diff parser start
2022-06-07 09:46:43,613 DEBUG line_lengths old: 5; new: 1
2022-06-07 09:46:43,613 DEBUG -> code[replace] old[1:5] new[1:1]
2022-06-07 09:46:43,615 DEBUG parse_part from 1 to 1 (to 0 in part parser)
2022-06-07 09:46:43,615 DEBUG diff parser end
2022-06-07 09:48:33,147 DEBUG diff parser start
2022-06-07 09:48:33,149 DEBUG line_lengths old: 1; new: 1
2022-06-07 09:48:33,150 DEBUG -> code[replace] old[1:1] new[1:1]
2022-06-07 09:48:33,152 DEBUG parse_part from 1 to 1 (to 0 in part parser)
2022-06-07 09:48:33,152 DEBUG diff parser end
2022-06-07 09:49:01,902 DEBUG diff parser start
2022-06-07 09:49:01,903 DEBUG line_lengths old: 1; new: 1
2022-06-07 09:49:01,903 DEBUG -> code[replace] old[1:1] new[1:1]
2022-06-07 09:49:01,905 DEBUG parse_part from 1 to 1 (to 0 in part parser)
2022-06-07 09:49:01,905 DEBUG diff parser end
2022-06-07 09:49:11,609 DEBUG diff parser start
2022-06-07 09:49:11,610 DEBUG line_lengths old: 1; new: 1
2022-06-07 09:49:11,610 DEBUG -> code[replace] old[1:1] new[1:1]
2022-06-07 09:49:11,612 DEBUG parse_part from 1 to 1 (to 0 in part parser)
2022-06-07 09:49:11,612 DEBUG diff parser end
2022-06-07 10:07:15,324 DEBUG This is my first method in my car class
2022-06-07 10:12:41,578 DEBUG This is my first method in my car class
2022-06-07 10:15:44,169 DEBUG This is my first method in my car class
2022-06-07 10:25:10,030 DEBUG diff parser start
2022-06-07 10:25:10,031 DEBUG line_lengths old: 1; new: 1
2022-06-07 10:25:10,032 DEBUG -> code[replace] old[1:1] new[1:1]
2022-06-07 10:25:10,035 DEBUG parse_part from 1 to 1 (to 0 in part parser)
2022-06-07 10:25:10,036 DEBUG diff parser end
