2022-05-04 20:04:23,881 This is My INFO LOG
2022-05-04 20:04:23,882 This is My WARNING LOG
2022-05-04 20:04:23,883 This is My DEBUG LOG
2022-05-04 20:05:40,834 This is My INFO LOG
2022-05-04 20:05:40,836 This is My WARNING LOG
2022-05-04 20:05:40,836 This is My DEBUG LOG

2022-05-04 20:05:50,297 This is My INFO LOG
2022-05-04 20:05:50,298 This is My WARNING LOG
2022-05-04 20:05:50,298 This is My DEBUG LOG

2022-05-04 20:08:47,361 INFO This is My INFO LOG
2022-05-04 20:08:47,362 WARNING This is My WARNING LOG
2022-05-04 20:08:47,363 DEBUG This is My DEBUG LOG

2022-05-04 20:13:36,537 ERROR This is My ERROR LOG

2022-05-04 20:14:33,587 INFO This is My INFO LOG
2022-05-04 20:14:33,588 WARNING This is My WARNING LOG
2022-05-04 20:14:33,589 ERROR This is My ERROR LOG

2022-05-04 20:17:40,398 CRITICAL This is My CRITICAL LOG
2022-05-04 20:17:45,579 CRITICAL This is My CRITICAL LOG

2022-05-04 20:17:59,306 CRITICAL This is My CRITICAL LOG

2022-05-04 20:18:30,799 CRITICAL This is My CRITICAL LOG

2022-05-04 20:18:43,417 DEBUG This is My DEBUG LOG
2022-05-04 20:18:43,418 INFO This is My INFO LOG
2022-05-04 20:18:43,418 WARNING This is My WARNING LOG
2022-05-04 20:18:43,419 ERROR This is My ERROR LOG
2022-05-04 20:18:43,420 CRITICAL This is My CRITICAL LOG

