2022-05-04 20:26:13,980 INFO This is the start of my code and I'm trying to Divide 6 and 2
2022-05-04 20:26:13,981 INFO Executed Successfully
2022-05-04 20:26:50,944 INFO This is the start of my code and I'm trying to Divide 6 and 2
2022-05-04 20:26:50,945 INFO Executed Successfully

2022-05-04 20:27:01,905 INFO This is the start of my code and I'm trying to Divide 6 and 2
2022-05-04 20:27:01,906 INFO Executed Successfully

2022-05-04 20:27:11,126 INFO This is the start of my code and I'm trying to Divide 6 and 0
2022-05-04 20:27:16,937 INFO This is the start of my code and I'm trying to Divide 6 and 0
2022-05-04 20:27:30,026 INFO This is the start of my code and I'm trying to Divide 6 and 0
2022-05-04 20:27:30,027 ERROR division by zero
2022-05-04 20:27:52,763 INFO This is the start of my code and I'm trying to Divide 6 and 0
2022-05-04 20:27:52,763 ERROR division by zero
2022-05-04 20:28:31,345 INFO 
This is the start of my code and I'm trying to Divide 6 and 0
2022-05-04 20:28:31,345 ERROR division by zero
2022-05-04 20:28:33,252 INFO 
This is the start of my code and I'm trying to Divide 6 and 0
2022-05-04 20:28:33,252 ERROR division by zero
2022-05-04 20:28:46,305 INFO 
This is the start of my code and I'm trying to Divide 6 and 0
2022-05-04 20:28:46,306 ERROR division by zero
2022-05-04 20:29:37,524 INFO 
This is the start of my code and I'm trying to Divide 6 and 0
2022-05-04 20:29:37,525 ERROR division by zero
2022-05-04 20:29:59,434 INFO This is the start of my code and I'm trying to Divide 6 and 0
2022-05-04 20:29:59,435 ERROR division by zero
2022-05-04 20:33:12,529 INFO This is the start of my code and I'm trying to Divide 6 and 0
2022-05-04 20:33:12,529 ERROR Error Occured
2022-05-04 20:33:12,529 ERROR Exception Occured division by zero
Traceback (most recent call last):
  File "C:\Users\bvams\AppData\Local\Temp/ipykernel_6536/548213743.py", line 4, in divbyzero
    x = a/b
ZeroDivisionError: division by zero
